<?xml version="1.0" encoding="UTF-8"?>
<testng-results ignored="0" total="3" passed="3" failed="0" skipped="0">
  <reporter-output>
  </reporter-output>
  <suite started-at="2024-12-01T23:23:41 ICT" name="First" finished-at="2024-12-01T23:24:18 ICT" duration-ms="36932">
    <groups>
    </groups>
    <test started-at="2024-12-01T23:23:41 ICT" name="FirstTest-0" finished-at="2024-12-01T23:24:13 ICT" duration-ms="31830">
      <class name="com.browserstack.FirstTest">
        <test-method is-config="true" signature="setUp()[pri:0, instance:com.browserstack.FirstTest@5136207f]" started-at="2024-12-01T23:23:41 ICT" name="setUp" finished-at="2024-12-01T23:24:02 ICT" duration-ms="20757" status="PASS">
          <reporter-output>
          </reporter-output>
        </test-method> <!-- setUp -->
        <test-method signature="test()[pri:0, instance:com.browserstack.FirstTest@5136207f]" started-at="2024-12-01T23:24:02 ICT" name="test" finished-at="2024-12-01T23:24:10 ICT" duration-ms="8271" status="PASS">
          <reporter-output>
          </reporter-output>
        </test-method> <!-- test -->
        <test-method is-config="true" signature="tearDown()[pri:0, instance:com.browserstack.FirstTest@5136207f]" started-at="2024-12-01T23:24:10 ICT" name="tearDown" finished-at="2024-12-01T23:24:13 ICT" duration-ms="2368" status="PASS">
          <reporter-output>
          </reporter-output>
        </test-method> <!-- tearDown -->
      </class> <!-- com.browserstack.FirstTest -->
    </test> <!-- FirstTest-0 -->
    <test started-at="2024-12-01T23:23:41 ICT" name="FirstTest-2" finished-at="2024-12-01T23:24:14 ICT" duration-ms="33542">
      <class name="com.browserstack.FirstTest">
        <test-method is-config="true" signature="setUp()[pri:0, instance:com.browserstack.FirstTest@39e67516]" started-at="2024-12-01T23:23:41 ICT" name="setUp" finished-at="2024-12-01T23:24:02 ICT" duration-ms="21480" status="PASS">
          <reporter-output>
          </reporter-output>
        </test-method> <!-- setUp -->
        <test-method signature="test()[pri:0, instance:com.browserstack.FirstTest@39e67516]" started-at="2024-12-01T23:24:02 ICT" name="test" finished-at="2024-12-01T23:24:11 ICT" duration-ms="9093" status="PASS">
          <reporter-output>
          </reporter-output>
        </test-method> <!-- test -->
        <test-method is-config="true" signature="tearDown()[pri:0, instance:com.browserstack.FirstTest@39e67516]" started-at="2024-12-01T23:24:12 ICT" name="tearDown" finished-at="2024-12-01T23:24:14 ICT" duration-ms="2520" status="PASS">
          <reporter-output>
          </reporter-output>
        </test-method> <!-- tearDown -->
      </class> <!-- com.browserstack.FirstTest -->
    </test> <!-- FirstTest-2 -->
    <test started-at="2024-12-01T23:23:41 ICT" name="FirstTest-1" finished-at="2024-12-01T23:24:18 ICT" duration-ms="36932">
      <class name="com.browserstack.FirstTest">
        <test-method is-config="true" signature="setUp()[pri:0, instance:com.browserstack.FirstTest@328902d5]" started-at="2024-12-01T23:23:41 ICT" name="setUp" finished-at="2024-12-01T23:24:05 ICT" duration-ms="24574" status="PASS">
          <reporter-output>
          </reporter-output>
        </test-method> <!-- setUp -->
        <test-method signature="test()[pri:0, instance:com.browserstack.FirstTest@328902d5]" started-at="2024-12-01T23:24:05 ICT" name="test" finished-at="2024-12-01T23:24:15 ICT" duration-ms="9437" status="PASS">
          <reporter-output>
          </reporter-output>
        </test-method> <!-- test -->
        <test-method is-config="true" signature="tearDown()[pri:0, instance:com.browserstack.FirstTest@328902d5]" started-at="2024-12-01T23:24:15 ICT" name="tearDown" finished-at="2024-12-01T23:24:18 ICT" duration-ms="2535" status="PASS">
          <reporter-output>
          </reporter-output>
        </test-method> <!-- tearDown -->
      </class> <!-- com.browserstack.FirstTest -->
    </test> <!-- FirstTest-1 -->
  </suite> <!-- First -->
</testng-results>
