<?xml version="1.0" encoding="UTF-8"?>
<testsuite xmlns:xsi="http://www.w3.org/2001/XMLSchema-instance" xsi:noNamespaceSchemaLocation="https://maven.apache.org/surefire/maven-surefire-plugin/xsd/surefire-test-report.xsd" name="TestSuite" time="38.414" tests="3" errors="0" skipped="0" failures="0">
  <properties>
[...]
</properties>
  <testcase name="test" classname="com.browserstack.FirstTest" time="4.817"/>
  <testcase name="test" classname="com.browserstack.FirstTest" time="6.38"/>
  <testcase name="test" classname="com.browserstack.FirstTest" time="9.757"/>
</testsuite>